[2026-06-07T21:24:07.877Z] info: kubernetes.yaml was copied to the config folder
[2026-06-07T21:26:56.872Z] error: Host validation failed for: home.aquiver.de. Hint: Set the HOMEPAGE_ALLOWED_HOSTS environment variable to allow requests from this host / port.
[2026-06-07T21:26:57.640Z] error: Host validation failed for: home.aquiver.de. Hint: Set the HOMEPAGE_ALLOWED_HOSTS environment variable to allow requests from this host / port.
[2026-06-07T21:26:57.650Z] error: Host validation failed for: home.aquiver.de. Hint: Set the HOMEPAGE_ALLOWED_HOSTS environment variable to allow requests from this host / port.
[2026-06-07T21:26:57.657Z] error: Host validation failed for: home.aquiver.de. Hint: Set the HOMEPAGE_ALLOWED_HOSTS environment variable to allow requests from this host / port.
[2026-06-07T21:26:57.666Z] error: Host validation failed for: home.aquiver.de. Hint: Set the HOMEPAGE_ALLOWED_HOSTS environment variable to allow requests from this host / port.
[2026-06-07T21:26:57.675Z] error: Host validation failed for: home.aquiver.de. Hint: Set the HOMEPAGE_ALLOWED_HOSTS environment variable to allow requests from this host / port.
[2026-06-07T21:26:57.683Z] error: Host validation failed for: home.aquiver.de. Hint: Set the HOMEPAGE_ALLOWED_HOSTS environment variable to allow requests from this host / port.
[2026-06-07T21:26:57.698Z] error: Host validation failed for: home.aquiver.de. Hint: Set the HOMEPAGE_ALLOWED_HOSTS environment variable to allow requests from this host / port.
[2026-06-07T21:26:57.704Z] error: Host validation failed for: home.aquiver.de. Hint: Set the HOMEPAGE_ALLOWED_HOSTS environment variable to allow requests from this host / port.
[2026-06-07T21:26:57.711Z] error: Host validation failed for: home.aquiver.de. Hint: Set the HOMEPAGE_ALLOWED_HOSTS environment variable to allow requests from this host / port.
[2026-06-07T21:26:57.722Z] error: Host validation failed for: home.aquiver.de. Hint: Set the HOMEPAGE_ALLOWED_HOSTS environment variable to allow requests from this host / port.
[2026-06-07T21:27:05.784Z] error: Host validation failed for: home.aquiver.de. Hint: Set the HOMEPAGE_ALLOWED_HOSTS environment variable to allow requests from this host / port.
[2026-06-07T21:27:05.796Z] error: Host validation failed for: home.aquiver.de. Hint: Set the HOMEPAGE_ALLOWED_HOSTS environment variable to allow requests from this host / port.
[2026-06-07T21:29:00.944Z] info: docker.yaml was copied to the config folder
[2026-06-07T21:29:00.947Z] info: services.yaml was copied to the config folder
[2026-06-07T21:29:00.948Z] info: bookmarks.yaml was copied to the config folder
[2026-06-07T21:29:00.950Z] info: proxmox.yaml was copied to the config folder
[2026-06-07T21:29:00.969Z] info: widgets.yaml was copied to the config folder
[2026-06-07T21:29:00.970Z] info: custom.css was copied to the config folder
[2026-06-07T21:29:00.972Z] info: custom.js was copied to the config folder
[2026-06-07T21:29:01.256Z] info: 🌐 i18next is made possible by our own product, Locize — consider powering your project with managed localization (AI, CDN, integrations): https://locize.com 💙
[2026-06-07T21:31:12.843Z] error: <httpProxy> Error calling https://api.github.com/repos/gethomepage/homepage/releases...
[2026-06-07T21:31:12.854Z] error: <httpProxy> [
  500,
  Error: connect ETIMEDOUT 140.82.121.6:443
      at <unknown> (Error: connect ETIMEDOUT 140.82.121.6:443) {
    errno: -110,
    code: 'ETIMEDOUT',
    syscall: 'connect',
    address: '140.82.121.6',
    port: 443
  }
]
[2026-06-07T21:38:45.454Z] error: <httpProxy> Error calling https://api.github.com/repos/gethomepage/homepage/releases...
[2026-06-07T21:38:45.466Z] error: <httpProxy> [
  500,
  Error: connect ETIMEDOUT 140.82.121.5:443
      at <unknown> (Error: connect ETIMEDOUT 140.82.121.5:443) {
    errno: -110,
    code: 'ETIMEDOUT',
    syscall: 'connect',
    address: '140.82.121.5',
    port: 443
  }
]
[2026-06-07T23:13:22.505Z] error: <httpProxy> Error calling https://api.github.com/repos/gethomepage/homepage/releases...
[2026-06-07T23:13:22.510Z] error: <httpProxy> [
  500,
  Error: connect ETIMEDOUT 140.82.121.6:443
      at <unknown> (Error: connect ETIMEDOUT 140.82.121.6:443) {
    errno: -110,
    code: 'ETIMEDOUT',
    syscall: 'connect',
    address: '140.82.121.6',
    port: 443
  }
]
[2026-06-07T23:24:19.912Z] error: <httpProxy> Error calling https://api.github.com/repos/gethomepage/homepage/releases...
[2026-06-07T23:24:19.914Z] error: <httpProxy> [
  500,
  Error: connect ETIMEDOUT 140.82.121.5:443
      at <unknown> (Error: connect ETIMEDOUT 140.82.121.5:443) {
    errno: -110,
    code: 'ETIMEDOUT',
    syscall: 'connect',
    address: '140.82.121.5',
    port: 443
  }
]
[2026-06-07T23:37:16.104Z] error: <httpProxy> Error calling https://api.github.com/repos/gethomepage/homepage/releases...
[2026-06-07T23:37:16.108Z] error: <httpProxy> [
  500,
  Error: connect ETIMEDOUT 140.82.121.6:443
      at <unknown> (Error: connect ETIMEDOUT 140.82.121.6:443) {
    errno: -110,
    code: 'ETIMEDOUT',
    syscall: 'connect',
    address: '140.82.121.6',
    port: 443
  }
]
[2026-06-07T23:41:25.579Z] error: <service-helpers> Error getting services from Docker server 'my-docker': Error: connect EACCES /var/run/docker.sock
    at ignore-listed frames {
  errno: -13,
  code: 'EACCES',
  syscall: 'connect',
  address: '/var/run/docker.sock'
}
[2026-06-07T23:41:25.609Z] error: <service-helpers> Error getting services from Docker server 'my-docker': Error: connect EACCES /var/run/docker.sock
    at ignore-listed frames {
  errno: -13,
  code: 'EACCES',
  syscall: 'connect',
  address: '/var/run/docker.sock'
}
[2026-06-07T23:41:26.204Z] error: <service-helpers> Error getting services from Docker server 'my-docker': Error: connect EACCES /var/run/docker.sock
    at ignore-listed frames {
  errno: -13,
  code: 'EACCES',
  syscall: 'connect',
  address: '/var/run/docker.sock'
}
[2026-06-07T23:41:29.741Z] error: <service-helpers> Error getting services from Docker server 'my-docker': Error: connect EACCES /var/run/docker.sock
    at ignore-listed frames {
  errno: -13,
  code: 'EACCES',
  syscall: 'connect',
  address: '/var/run/docker.sock'
}
[2026-06-07T23:41:34.791Z] error: <service-helpers> Error getting services from Docker server 'my-docker': Error: connect EACCES /var/run/docker.sock
    at ignore-listed frames {
  errno: -13,
  code: 'EACCES',
  syscall: 'connect',
  address: '/var/run/docker.sock'
}
[2026-06-07T23:42:34.644Z] error: <service-helpers> Error getting services from Docker server 'my-docker': Error: connect EACCES /var/run/docker.sock
    at ignore-listed frames {
  errno: -13,
  code: 'EACCES',
  syscall: 'connect',
  address: '/var/run/docker.sock'
}
[2026-06-07T23:42:34.684Z] info: 🌐 i18next is made possible by our own product, Locize — consider powering your project with managed localization (AI, CDN, integrations): https://locize.com 💙
[2026-06-07T23:42:36.547Z] error: <service-helpers> Error getting services from Docker server 'my-docker': Error: connect EACCES /var/run/docker.sock
    at ignore-listed frames {
  errno: -13,
  code: 'EACCES',
  syscall: 'connect',
  address: '/var/run/docker.sock'
}
[2026-06-07T23:42:41.077Z] error: <service-helpers> Error getting services from Docker server 'my-docker': Error: connect EACCES /var/run/docker.sock
    at ignore-listed frames {
  errno: -13,
  code: 'EACCES',
  syscall: 'connect',
  address: '/var/run/docker.sock'
}
[2026-06-07T23:43:26.985Z] error: <service-helpers> Error getting services from Docker server 'my-docker': Error: connect EACCES /var/run/docker.sock
    at ignore-listed frames {
  errno: -13,
  code: 'EACCES',
  syscall: 'connect',
  address: '/var/run/docker.sock'
}
[2026-06-07T23:43:48.391Z] error: <service-helpers> Error getting services from Docker server 'my-docker': Error: connect EACCES /var/run/docker.sock
    at ignore-listed frames {
  errno: -13,
  code: 'EACCES',
  syscall: 'connect',
  address: '/var/run/docker.sock'
}
[2026-06-07T23:43:51.386Z] error: <service-helpers> Error getting services from Docker server 'my-docker': Error: connect EACCES /var/run/docker.sock
    at ignore-listed frames {
  errno: -13,
  code: 'EACCES',
  syscall: 'connect',
  address: '/var/run/docker.sock'
}
[2026-06-07T23:43:56.297Z] error: <service-helpers> Error getting services from Docker server 'my-docker': Error: connect EACCES /var/run/docker.sock
    at ignore-listed frames {
  errno: -13,
  code: 'EACCES',
  syscall: 'connect',
  address: '/var/run/docker.sock'
}
[2026-06-07T23:44:42.572Z] error: <httpProxy> Error calling https://api.github.com/repos/gethomepage/homepage/releases...
[2026-06-07T23:44:42.577Z] error: <httpProxy> [
  500,
  Error: connect ETIMEDOUT 140.82.121.6:443
      at <unknown> (Error: connect ETIMEDOUT 140.82.121.6:443) {
    errno: -110,
    code: 'ETIMEDOUT',
    syscall: 'connect',
    address: '140.82.121.6',
    port: 443
  }
]
[2026-06-07T23:44:44.616Z] error: <httpProxy> Error calling https://api.github.com/repos/gethomepage/homepage/releases...
[2026-06-07T23:44:44.618Z] error: <httpProxy> [
  500,
  Error: connect ETIMEDOUT 140.82.121.6:443
      at <unknown> (Error: connect ETIMEDOUT 140.82.121.6:443) {
    errno: -110,
    code: 'ETIMEDOUT',
    syscall: 'connect',
    address: '140.82.121.6',
    port: 443
  }
]
[2026-06-07T23:45:56.296Z] error: <httpProxy> Error calling https://api.github.com/repos/gethomepage/homepage/releases...
[2026-06-07T23:45:56.298Z] error: <httpProxy> [
  500,
  Error: connect ETIMEDOUT 140.82.121.5:443
      at <unknown> (Error: connect ETIMEDOUT 140.82.121.5:443) {
    errno: -110,
    code: 'ETIMEDOUT',
    syscall: 'connect',
    address: '140.82.121.5',
    port: 443
  }
]
[2026-06-07T23:46:02.440Z] error: <httpProxy> Error calling https://api.github.com/repos/gethomepage/homepage/releases...
[2026-06-07T23:46:02.441Z] error: <httpProxy> [
  500,
  Error: connect ETIMEDOUT 140.82.121.5:443
      at <unknown> (Error: connect ETIMEDOUT 140.82.121.5:443) {
    errno: -110,
    code: 'ETIMEDOUT',
    syscall: 'connect',
    address: '140.82.121.5',
    port: 443
  }
]
[2026-06-07T23:47:36.432Z] error: <service-helpers> Error getting services from Docker server 'my-docker': Error: getaddrinfo EAI_AGAIN dockerproxy-read
    at ignore-listed frames {
  errno: -3001,
  code: 'EAI_AGAIN',
  syscall: 'getaddrinfo',
  hostname: 'dockerproxy-read'
}
[2026-06-07T23:47:36.443Z] error: <service-helpers> Error getting services from Docker server 'my-docker': Error: getaddrinfo EAI_AGAIN dockerproxy-read
    at ignore-listed frames {
  errno: -3001,
  code: 'EAI_AGAIN',
  syscall: 'getaddrinfo',
  hostname: 'dockerproxy-read'
}
[2026-06-07T23:47:36.475Z] info: 🌐 i18next is made possible by our own product, Locize — consider powering your project with managed localization (AI, CDN, integrations): https://locize.com 💙
[2026-06-07T23:47:41.421Z] error: <service-helpers> Error getting services from Docker server 'my-docker': Error: getaddrinfo EAI_AGAIN dockerproxy-read
    at ignore-listed frames {
  errno: -3001,
  code: 'EAI_AGAIN',
  syscall: 'getaddrinfo',
  hostname: 'dockerproxy-read'
}
[2026-06-07T23:49:41.577Z] error: <httpProxy> Error calling https://api.github.com/repos/gethomepage/homepage/releases...
[2026-06-07T23:49:41.581Z] error: <httpProxy> [
  500,
  Error: connect ETIMEDOUT 140.82.121.5:443
      at <unknown> (Error: connect ETIMEDOUT 140.82.121.5:443) {
    errno: -110,
    code: 'ETIMEDOUT',
    syscall: 'connect',
    address: '140.82.121.5',
    port: 443
  }
]
[2026-06-07T23:49:45.676Z] error: <httpProxy> Error calling https://api.github.com/repos/gethomepage/homepage/releases...
[2026-06-07T23:49:45.679Z] error: <httpProxy> [
  500,
  Error: connect ETIMEDOUT 140.82.121.5:443
      at <unknown> (Error: connect ETIMEDOUT 140.82.121.5:443) {
    errno: -110,
    code: 'ETIMEDOUT',
    syscall: 'connect',
    address: '140.82.121.5',
    port: 443
  }
]
[2026-06-07T23:51:05.549Z] error: <httpProxy> Error calling https://api.github.com/repos/gethomepage/homepage/releases...
[2026-06-07T23:51:05.552Z] error: <httpProxy> [
  500,
  Error: connect ETIMEDOUT 140.82.121.5:443
      at <unknown> (Error: connect ETIMEDOUT 140.82.121.5:443) {
    errno: -110,
    code: 'ETIMEDOUT',
    syscall: 'connect',
    address: '140.82.121.5',
    port: 443
  }
]
[2026-06-07T23:58:46.356Z] error: <httpProxy> Error calling https://api.github.com/repos/gethomepage/homepage/releases...
[2026-06-07T23:58:46.357Z] error: <httpProxy> [
  500,
  Error: connect ETIMEDOUT 140.82.121.6:443
      at <unknown> (Error: connect ETIMEDOUT 140.82.121.6:443) {
    errno: -110,
    code: 'ETIMEDOUT',
    syscall: 'connect',
    address: '140.82.121.6',
    port: 443
  }
]
[2026-06-08T00:11:42.536Z] error: <httpProxy> Error calling https://api.github.com/repos/gethomepage/homepage/releases...
[2026-06-08T00:11:42.538Z] error: <httpProxy> [
  500,
  Error: connect ETIMEDOUT 140.82.121.6:443
      at <unknown> (Error: connect ETIMEDOUT 140.82.121.6:443) {
    errno: -110,
    code: 'ETIMEDOUT',
    syscall: 'connect',
    address: '140.82.121.6',
    port: 443
  }
]
[2026-06-08T00:20:49.353Z] error: <httpProxy> Error calling https://api.github.com/repos/gethomepage/homepage/releases...
[2026-06-08T00:20:49.355Z] error: <httpProxy> [
  500,
  Error: connect ETIMEDOUT 140.82.121.5:443
      at <unknown> (Error: connect ETIMEDOUT 140.82.121.5:443) {
    errno: -110,
    code: 'ETIMEDOUT',
    syscall: 'connect',
    address: '140.82.121.5',
    port: 443
  }
]
